<?xml version="1.0" encoding="UTF-8"?>
<coverage generated="1752269639782" clover="3.2.0">
  <project timestamp="1752269639782" name="All files">
    <metrics statements="70" coveredstatements="70" conditionals="46" coveredconditionals="46" methods="15" coveredmethods="15" elements="131" coveredelements="131" complexity="0" loc="70" ncloc="70" packages="1" files="5" classes="5"/>
    <file name="analyze-array.js" path="/Users/garuda/Developer/The-Odin-Project/testing-practice/src/analyze-array.js">
      <metrics statements="17" coveredstatements="17" conditionals="6" coveredconditionals="6" methods="2" coveredmethods="2"/>
      <line num="4" count="13" type="stmt"/>
      <line num="7" count="13" type="stmt"/>
      <line num="8" count="13" type="cond" truecount="2" falsecount="0"/>
      <line num="9" count="1" type="stmt"/>
      <line num="11" count="12" type="stmt"/>
      <line num="14" count="12" type="stmt"/>
      <line num="15" count="47" type="cond" truecount="4" falsecount="0"/>
      <line num="16" count="3" type="stmt"/>
      <line num="18" count="44" type="stmt"/>
      <line num="22" count="9" type="stmt"/>
      <line num="23" count="9" type="stmt"/>
      <line num="26" count="9" type="stmt"/>
      <line num="27" count="9" type="stmt"/>
      <line num="30" count="9" type="stmt"/>
      <line num="31" count="9" type="stmt"/>
      <line num="33" count="9" type="stmt"/>
      <line num="36" count="1" type="stmt"/>
    </file>
    <file name="caesar-cipher.js" path="/Users/garuda/Developer/The-Odin-Project/testing-practice/src/caesar-cipher.js">
      <metrics statements="33" coveredstatements="33" conditionals="22" coveredconditionals="22" methods="7" coveredmethods="7"/>
      <line num="4" count="27" type="cond" truecount="4" falsecount="0"/>
      <line num="5" count="2" type="stmt"/>
      <line num="9" count="25" type="cond" truecount="4" falsecount="0"/>
      <line num="10" count="2" type="stmt"/>
      <line num="14" count="23" type="cond" truecount="4" falsecount="0"/>
      <line num="15" count="3" type="stmt"/>
      <line num="20" count="20" type="stmt"/>
      <line num="23" count="20" type="stmt"/>
      <line num="29" count="20" type="stmt"/>
      <line num="34" count="20" type="stmt"/>
      <line num="36" count="20" type="stmt"/>
      <line num="42" count="20" type="stmt"/>
      <line num="43" count="1040" type="stmt"/>
      <line num="47" count="20" type="stmt"/>
      <line num="54" count="1040" type="stmt"/>
      <line num="58" count="20" type="stmt"/>
      <line num="62" count="20" type="stmt"/>
      <line num="64" count="20" type="stmt"/>
      <line num="65" count="102" type="stmt"/>
      <line num="66" count="102" type="stmt"/>
      <line num="67" count="1941" type="stmt"/>
      <line num="69" count="1941" type="cond" truecount="2" falsecount="0"/>
      <line num="73" count="79" type="stmt"/>
      <line num="74" count="79" type="stmt"/>
      <line num="75" count="79" type="stmt"/>
      <line num="76" count="1862" type="cond" truecount="2" falsecount="0"/>
      <line num="80" count="12" type="stmt"/>
      <line num="81" count="12" type="stmt"/>
      <line num="82" count="12" type="stmt"/>
      <line num="87" count="102" type="cond" truecount="2" falsecount="0"/>
      <line num="88" count="11" type="stmt"/>
      <line num="92" count="20" type="stmt"/>
      <line num="95" count="1" type="stmt"/>
    </file>
    <file name="calculator.js" path="/Users/garuda/Developer/The-Odin-Project/testing-practice/src/calculator.js">
      <metrics statements="16" coveredstatements="16" conditionals="18" coveredconditionals="18" methods="4" coveredmethods="4"/>
      <line num="1" count="1" type="stmt"/>
      <line num="5" count="15" type="cond" truecount="4" falsecount="0"/>
      <line num="6" count="5" type="stmt"/>
      <line num="9" count="10" type="stmt"/>
      <line num="14" count="24" type="cond" truecount="4" falsecount="0"/>
      <line num="15" count="5" type="stmt"/>
      <line num="18" count="19" type="stmt"/>
      <line num="23" count="25" type="cond" truecount="4" falsecount="0"/>
      <line num="24" count="5" type="stmt"/>
      <line num="27" count="20" type="cond" truecount="2" falsecount="0"/>
      <line num="28" count="3" type="stmt"/>
      <line num="31" count="17" type="stmt"/>
      <line num="36" count="17" type="cond" truecount="4" falsecount="0"/>
      <line num="37" count="5" type="stmt"/>
      <line num="40" count="12" type="stmt"/>
      <line num="44" count="1" type="stmt"/>
    </file>
    <file name="capitalize.js" path="/Users/garuda/Developer/The-Odin-Project/testing-practice/src/capitalize.js">
      <metrics statements="2" coveredstatements="2" conditionals="0" coveredconditionals="0" methods="1" coveredmethods="1"/>
      <line num="3" count="13" type="stmt"/>
      <line num="6" count="1" type="stmt"/>
    </file>
    <file name="reverse-string.js" path="/Users/garuda/Developer/The-Odin-Project/testing-practice/src/reverse-string.js">
      <metrics statements="2" coveredstatements="2" conditionals="0" coveredconditionals="0" methods="1" coveredmethods="1"/>
      <line num="3" count="9" type="stmt"/>
      <line num="6" count="1" type="stmt"/>
    </file>
  </project>
</coverage>
