{"/Users/garuda/Developer/The-Odin-Project/testing-practice/src/analyze-array.js": {"path":"/Users/garuda/Developer/The-Odin-Project/testing-practice/src/analyze-array.js","statementMap":{"0":{"start":{"line":4,"column":17},"end":{"line":4,"column":19}},"1":{"start":{"line":7,"column":17},"end":{"line":7,"column":29}},"2":{"start":{"line":8,"column":2},"end":{"line":10,"column":3}},"3":{"start":{"line":9,"column":4},"end":{"line":9,"column":46}},"4":{"start":{"line":11,"column":2},"end":{"line":11,"column":24}},"5":{"start":{"line":14,"column":16},"end":{"line":19,"column":7}},"6":{"start":{"line":15,"column":4},"end":{"line":17,"column":5}},"7":{"start":{"line":16,"column":6},"end":{"line":16,"column":51}},"8":{"start":{"line":18,"column":4},"end":{"line":18,"column":29}},"9":{"start":{"line":22,"column":18},"end":{"line":22,"column":32}},"10":{"start":{"line":23,"column":2},"end":{"line":23,"column":26}},"11":{"start":{"line":26,"column":20},"end":{"line":26,"column":38}},"12":{"start":{"line":27,"column":2},"end":{"line":27,"column":24}},"13":{"start":{"line":30,"column":20},"end":{"line":30,"column":38}},"14":{"start":{"line":31,"column":2},"end":{"line":31,"column":24}},"15":{"start":{"line":33,"column":2},"end":{"line":33,"column":15}},"16":{"start":{"line":36,"column":0},"end":{"line":36,"column":29}}},"fnMap":{"0":{"name":"analyzeArray","decl":{"start":{"line":2,"column":9},"end":{"line":2,"column":21}},"loc":{"start":{"line":2,"column":29},"end":{"line":34,"column":1}},"line":2},"1":{"name":"(anonymous_1)","decl":{"start":{"line":14,"column":29},"end":{"line":14,"column":30}},"loc":{"start":{"line":14,"column":52},"end":{"line":19,"column":3}},"line":14}},"branchMap":{"0":{"loc":{"start":{"line":8,"column":2},"end":{"line":10,"column":3}},"type":"if","locations":[{"start":{"line":8,"column":2},"end":{"line":10,"column":3}},{"start":{},"end":{}}],"line":8},"1":{"loc":{"start":{"line":15,"column":4},"end":{"line":17,"column":5}},"type":"if","locations":[{"start":{"line":15,"column":4},"end":{"line":17,"column":5}},{"start":{},"end":{}}],"line":15},"2":{"loc":{"start":{"line":15,"column":8},"end":{"line":15,"column":64}},"type":"binary-expr","locations":[{"start":{"line":15,"column":8},"end":{"line":15,"column":35}},{"start":{"line":15,"column":39},"end":{"line":15,"column":64}}],"line":15}},"s":{"0":13,"1":13,"2":13,"3":1,"4":12,"5":12,"6":47,"7":3,"8":44,"9":9,"10":9,"11":9,"12":9,"13":9,"14":9,"15":9,"16":1},"f":{"0":13,"1":47},"b":{"0":[1,12],"1":[3,44],"2":[47,46]},"_coverageSchema":"1a1c01bbd47fc00a2c39e90264f33305004495a9","hash":"81c026531df1370b55b03d08683b28c15d6bba23"}
,"/Users/garuda/Developer/The-Odin-Project/testing-practice/src/caesar-cipher.js": {"path":"/Users/garuda/Developer/The-Odin-Project/testing-practice/src/caesar-cipher.js","statementMap":{"0":{"start":{"line":4,"column":2},"end":{"line":6,"column":3}},"1":{"start":{"line":5,"column":4},"end":{"line":5,"column":49}},"2":{"start":{"line":9,"column":2},"end":{"line":11,"column":3}},"3":{"start":{"line":10,"column":4},"end":{"line":10,"column":49}},"4":{"start":{"line":14,"column":2},"end":{"line":16,"column":3}},"5":{"start":{"line":15,"column":4},"end":{"line":15,"column":40}},"6":{"start":{"line":20,"column":4},"end":{"line":20,"column":68}},"7":{"start":{"line":23,"column":34},"end":{"line":26,"column":3}},"8":{"start":{"line":29,"column":24},"end":{"line":32,"column":3}},"9":{"start":{"line":34,"column":21},"end":{"line":34,"column":59}},"10":{"start":{"line":36,"column":2},"end":{"line":36,"column":19}},"11":{"start":{"line":42,"column":17},"end":{"line":42,"column":46}},"12":{"start":{"line":43,"column":34},"end":{"line":45,"column":3}},"13":{"start":{"line":43,"column":75},"end":{"line":43,"column":126}},"14":{"start":{"line":47,"column":2},"end":{"line":47,"column":32}},"15":{"start":{"line":54,"column":24},"end":{"line":57,"column":4}},"16":{"start":{"line":54,"column":65},"end":{"line":57,"column":3}},"17":{"start":{"line":58,"column":2},"end":{"line":58,"column":22}},"18":{"start":{"line":62,"column":19},"end":{"line":62,"column":21}},"19":{"start":{"line":64,"column":2},"end":{"line":90,"column":4}},"20":{"start":{"line":65,"column":18},"end":{"line":65,"column":23}},"21":{"start":{"line":66,"column":4},"end":{"line":84,"column":5}},"22":{"start":{"line":66,"column":17},"end":{"line":66,"column":18}},"23":{"start":{"line":67,"column":20},"end":{"line":67,"column":36}},"24":{"start":{"line":69,"column":6},"end":{"line":83,"column":7}},"25":{"start":{"line":73,"column":8},"end":{"line":73,"column":44}},"26":{"start":{"line":74,"column":8},"end":{"line":74,"column":22}},"27":{"start":{"line":75,"column":8},"end":{"line":75,"column":13}},"28":{"start":{"line":76,"column":13},"end":{"line":83,"column":7}},"29":{"start":{"line":80,"column":8},"end":{"line":80,"column":44}},"30":{"start":{"line":81,"column":8},"end":{"line":81,"column":22}},"31":{"start":{"line":82,"column":8},"end":{"line":82,"column":13}},"32":{"start":{"line":87,"column":4},"end":{"line":89,"column":5}},"33":{"start":{"line":88,"column":6},"end":{"line":88,"column":34}},"34":{"start":{"line":92,"column":2},"end":{"line":92,"column":19}},"35":{"start":{"line":95,"column":0},"end":{"line":95,"column":29}}},"fnMap":{"0":{"name":"caesarCipher","decl":{"start":{"line":2,"column":9},"end":{"line":2,"column":21}},"loc":{"start":{"line":2,"column":32},"end":{"line":37,"column":1}},"line":2},"1":{"name":"generateCipherTextAlphabetArray","decl":{"start":{"line":39,"column":9},"end":{"line":39,"column":40}},"loc":{"start":{"line":39,"column":70},"end":{"line":48,"column":1}},"line":39},"2":{"name":"(anonymous_2)","decl":{"start":{"line":43,"column":61},"end":{"line":43,"column":62}},"loc":{"start":{"line":43,"column":75},"end":{"line":43,"column":126}},"line":43},"3":{"name":"generateMatchingArray","decl":{"start":{"line":50,"column":9},"end":{"line":50,"column":30}},"loc":{"start":{"line":53,"column":2},"end":{"line":59,"column":1}},"line":53},"4":{"name":"(anonymous_4)","decl":{"start":{"line":54,"column":51},"end":{"line":54,"column":52}},"loc":{"start":{"line":54,"column":65},"end":{"line":57,"column":3}},"line":54},"5":{"name":"generateCipherText","decl":{"start":{"line":61,"column":9},"end":{"line":61,"column":27}},"loc":{"start":{"line":61,"column":48},"end":{"line":93,"column":1}},"line":61},"6":{"name":"(anonymous_6)","decl":{"start":{"line":64,"column":24},"end":{"line":64,"column":25}},"loc":{"start":{"line":64,"column":44},"end":{"line":90,"column":3}},"line":64}},"branchMap":{"0":{"loc":{"start":{"line":4,"column":2},"end":{"line":6,"column":3}},"type":"if","locations":[{"start":{"line":4,"column":2},"end":{"line":6,"column":3}},{"start":{},"end":{}}],"line":4},"1":{"loc":{"start":{"line":4,"column":6},"end":{"line":4,"column":59}},"type":"binary-expr","locations":[{"start":{"line":4,"column":6},"end":{"line":4,"column":29}},{"start":{"line":4,"column":33},"end":{"line":4,"column":59}}],"line":4},"2":{"loc":{"start":{"line":9,"column":2},"end":{"line":11,"column":3}},"type":"if","locations":[{"start":{"line":9,"column":2},"end":{"line":11,"column":3}},{"start":{},"end":{}}],"line":9},"3":{"loc":{"start":{"line":9,"column":6},"end":{"line":9,"column":59}},"type":"binary-expr","locations":[{"start":{"line":9,"column":6},"end":{"line":9,"column":29}},{"start":{"line":9,"column":33},"end":{"line":9,"column":59}}],"line":9},"4":{"loc":{"start":{"line":14,"column":2},"end":{"line":16,"column":3}},"type":"if","locations":[{"start":{"line":14,"column":2},"end":{"line":16,"column":3}},{"start":{},"end":{}}],"line":14},"5":{"loc":{"start":{"line":14,"column":6},"end":{"line":14,"column":62}},"type":"binary-expr","locations":[{"start":{"line":14,"column":6},"end":{"line":14,"column":32}},{"start":{"line":14,"column":36},"end":{"line":14,"column":62}}],"line":14},"6":{"loc":{"start":{"line":69,"column":6},"end":{"line":83,"column":7}},"type":"if","locations":[{"start":{"line":69,"column":6},"end":{"line":83,"column":7}},{"start":{"line":76,"column":13},"end":{"line":83,"column":7}}],"line":69},"7":{"loc":{"start":{"line":70,"column":8},"end":{"line":71,"column":55}},"type":"binary-expr","locations":[{"start":{"line":70,"column":8},"end":{"line":70,"column":35}},{"start":{"line":71,"column":8},"end":{"line":71,"column":55}}],"line":70},"8":{"loc":{"start":{"line":76,"column":13},"end":{"line":83,"column":7}},"type":"if","locations":[{"start":{"line":76,"column":13},"end":{"line":83,"column":7}},{"start":{},"end":{}}],"line":76},"9":{"loc":{"start":{"line":77,"column":8},"end":{"line":78,"column":55}},"type":"binary-expr","locations":[{"start":{"line":77,"column":8},"end":{"line":77,"column":35}},{"start":{"line":78,"column":8},"end":{"line":78,"column":55}}],"line":77},"10":{"loc":{"start":{"line":87,"column":4},"end":{"line":89,"column":5}},"type":"if","locations":[{"start":{"line":87,"column":4},"end":{"line":89,"column":5}},{"start":{},"end":{}}],"line":87}},"s":{"0":27,"1":2,"2":25,"3":2,"4":23,"5":3,"6":20,"7":20,"8":20,"9":20,"10":20,"11":20,"12":20,"13":1040,"14":20,"15":20,"16":1040,"17":20,"18":20,"19":20,"20":102,"21":102,"22":102,"23":1941,"24":1941,"25":79,"26":79,"27":79,"28":1862,"29":12,"30":12,"31":12,"32":102,"33":11,"34":20,"35":1},"f":{"0":27,"1":20,"2":1040,"3":20,"4":1040,"5":20,"6":102},"b":{"0":[2,25],"1":[27,4],"2":[2,23],"3":[25,4],"4":[3,20],"5":[23,21],"6":[79,1862],"7":[1941,91],"8":[12,1850],"9":[1862,12],"10":[11,91]},"_coverageSchema":"1a1c01bbd47fc00a2c39e90264f33305004495a9","hash":"6bbf29bd6339f4e8cc8e4ccf0d472cd3c2cc86ce"}
,"/Users/garuda/Developer/The-Odin-Project/testing-practice/src/calculator.js": {"path":"/Users/garuda/Developer/The-Odin-Project/testing-practice/src/calculator.js","statementMap":{"0":{"start":{"line":1,"column":19},"end":{"line":42,"column":1}},"1":{"start":{"line":5,"column":4},"end":{"line":7,"column":5}},"2":{"start":{"line":6,"column":6},"end":{"line":6,"column":39}},"3":{"start":{"line":9,"column":4},"end":{"line":9,"column":16}},"4":{"start":{"line":14,"column":4},"end":{"line":16,"column":5}},"5":{"start":{"line":15,"column":6},"end":{"line":15,"column":39}},"6":{"start":{"line":18,"column":4},"end":{"line":18,"column":16}},"7":{"start":{"line":23,"column":4},"end":{"line":25,"column":5}},"8":{"start":{"line":24,"column":6},"end":{"line":24,"column":39}},"9":{"start":{"line":27,"column":4},"end":{"line":29,"column":5}},"10":{"start":{"line":28,"column":6},"end":{"line":28,"column":44}},"11":{"start":{"line":31,"column":4},"end":{"line":31,"column":16}},"12":{"start":{"line":36,"column":4},"end":{"line":38,"column":5}},"13":{"start":{"line":37,"column":6},"end":{"line":37,"column":39}},"14":{"start":{"line":40,"column":4},"end":{"line":40,"column":16}},"15":{"start":{"line":44,"column":0},"end":{"line":44,"column":27}}},"fnMap":{"0":{"name":"(anonymous_0)","decl":{"start":{"line":3,"column":2},"end":{"line":3,"column":3}},"loc":{"start":{"line":3,"column":12},"end":{"line":10,"column":3}},"line":3},"1":{"name":"(anonymous_1)","decl":{"start":{"line":12,"column":2},"end":{"line":12,"column":3}},"loc":{"start":{"line":12,"column":17},"end":{"line":19,"column":3}},"line":12},"2":{"name":"(anonymous_2)","decl":{"start":{"line":21,"column":2},"end":{"line":21,"column":3}},"loc":{"start":{"line":21,"column":15},"end":{"line":32,"column":3}},"line":21},"3":{"name":"(anonymous_3)","decl":{"start":{"line":34,"column":2},"end":{"line":34,"column":3}},"loc":{"start":{"line":34,"column":17},"end":{"line":41,"column":3}},"line":34}},"branchMap":{"0":{"loc":{"start":{"line":5,"column":4},"end":{"line":7,"column":5}},"type":"if","locations":[{"start":{"line":5,"column":4},"end":{"line":7,"column":5}},{"start":{},"end":{}}],"line":5},"1":{"loc":{"start":{"line":5,"column":8},"end":{"line":5,"column":54}},"type":"binary-expr","locations":[{"start":{"line":5,"column":8},"end":{"line":5,"column":29}},{"start":{"line":5,"column":33},"end":{"line":5,"column":54}}],"line":5},"2":{"loc":{"start":{"line":14,"column":4},"end":{"line":16,"column":5}},"type":"if","locations":[{"start":{"line":14,"column":4},"end":{"line":16,"column":5}},{"start":{},"end":{}}],"line":14},"3":{"loc":{"start":{"line":14,"column":8},"end":{"line":14,"column":54}},"type":"binary-expr","locations":[{"start":{"line":14,"column":8},"end":{"line":14,"column":29}},{"start":{"line":14,"column":33},"end":{"line":14,"column":54}}],"line":14},"4":{"loc":{"start":{"line":23,"column":4},"end":{"line":25,"column":5}},"type":"if","locations":[{"start":{"line":23,"column":4},"end":{"line":25,"column":5}},{"start":{},"end":{}}],"line":23},"5":{"loc":{"start":{"line":23,"column":8},"end":{"line":23,"column":54}},"type":"binary-expr","locations":[{"start":{"line":23,"column":8},"end":{"line":23,"column":29}},{"start":{"line":23,"column":33},"end":{"line":23,"column":54}}],"line":23},"6":{"loc":{"start":{"line":27,"column":4},"end":{"line":29,"column":5}},"type":"if","locations":[{"start":{"line":27,"column":4},"end":{"line":29,"column":5}},{"start":{},"end":{}}],"line":27},"7":{"loc":{"start":{"line":36,"column":4},"end":{"line":38,"column":5}},"type":"if","locations":[{"start":{"line":36,"column":4},"end":{"line":38,"column":5}},{"start":{},"end":{}}],"line":36},"8":{"loc":{"start":{"line":36,"column":8},"end":{"line":36,"column":54}},"type":"binary-expr","locations":[{"start":{"line":36,"column":8},"end":{"line":36,"column":29}},{"start":{"line":36,"column":33},"end":{"line":36,"column":54}}],"line":36}},"s":{"0":1,"1":15,"2":5,"3":10,"4":24,"5":5,"6":19,"7":25,"8":5,"9":20,"10":3,"11":17,"12":17,"13":5,"14":12,"15":1},"f":{"0":15,"1":24,"2":25,"3":17},"b":{"0":[5,10],"1":[15,12],"2":[5,19],"3":[24,21],"4":[5,20],"5":[25,22],"6":[3,17],"7":[5,12],"8":[17,14]},"_coverageSchema":"1a1c01bbd47fc00a2c39e90264f33305004495a9","hash":"07d259cd445cad9ac72380bb54eec32f7a542c14"}
,"/Users/garuda/Developer/The-Odin-Project/testing-practice/src/capitalize.js": {"path":"/Users/garuda/Developer/The-Odin-Project/testing-practice/src/capitalize.js","statementMap":{"0":{"start":{"line":3,"column":2},"end":{"line":3,"column":71}},"1":{"start":{"line":6,"column":0},"end":{"line":6,"column":27}}},"fnMap":{"0":{"name":"capitalize","decl":{"start":{"line":2,"column":9},"end":{"line":2,"column":19}},"loc":{"start":{"line":2,"column":28},"end":{"line":4,"column":1}},"line":2}},"branchMap":{},"s":{"0":13,"1":1},"f":{"0":13},"b":{},"_coverageSchema":"1a1c01bbd47fc00a2c39e90264f33305004495a9","hash":"b8c1661b1c888c830364f89f86a24b2ca7b42e99"}
,"/Users/garuda/Developer/The-Odin-Project/testing-practice/src/reverse-string.js": {"path":"/Users/garuda/Developer/The-Odin-Project/testing-practice/src/reverse-string.js","statementMap":{"0":{"start":{"line":3,"column":2},"end":{"line":3,"column":39}},"1":{"start":{"line":6,"column":0},"end":{"line":6,"column":30}}},"fnMap":{"0":{"name":"reverseString","decl":{"start":{"line":2,"column":9},"end":{"line":2,"column":22}},"loc":{"start":{"line":2,"column":31},"end":{"line":4,"column":1}},"line":2}},"branchMap":{},"s":{"0":9,"1":1},"f":{"0":9},"b":{},"_coverageSchema":"1a1c01bbd47fc00a2c39e90264f33305004495a9","hash":"68489aff744312cd7179710dcee708b38b3dfb74"}
}
