TN:
SF:src/analyze-array.js
FN:2,analyzeArray
FN:14,(anonymous_1)
FNF:2
FNH:2
FNDA:13,analyzeArray
FNDA:47,(anonymous_1)
DA:4,13
DA:7,13
DA:8,13
DA:9,1
DA:11,12
DA:14,12
DA:15,47
DA:16,3
DA:18,44
DA:22,9
DA:23,9
DA:26,9
DA:27,9
DA:30,9
DA:31,9
DA:33,9
DA:36,1
LF:17
LH:17
BRDA:8,0,0,1
BRDA:8,0,1,12
BRDA:15,1,0,3
BRDA:15,1,1,44
BRDA:15,2,0,47
BRDA:15,2,1,46
BRF:6
BRH:6
end_of_record
TN:
SF:src/caesar-cipher.js
FN:2,caesarCipher
FN:39,generateCipherTextAlphabetArray
FN:43,(anonymous_2)
FN:50,generateMatchingArray
FN:54,(anonymous_4)
FN:61,generateCipherText
FN:64,(anonymous_6)
FNF:7
FNH:7
FNDA:27,caesarCipher
FNDA:20,generateCipherTextAlphabetArray
FNDA:1040,(anonymous_2)
FNDA:20,generateMatchingArray
FNDA:1040,(anonymous_4)
FNDA:20,generateCipherText
FNDA:102,(anonymous_6)
DA:4,27
DA:5,2
DA:9,25
DA:10,2
DA:14,23
DA:15,3
DA:20,20
DA:23,20
DA:29,20
DA:34,20
DA:36,20
DA:42,20
DA:43,1040
DA:47,20
DA:54,1040
DA:58,20
DA:62,20
DA:64,20
DA:65,102
DA:66,102
DA:67,1941
DA:69,1941
DA:73,79
DA:74,79
DA:75,79
DA:76,1862
DA:80,12
DA:81,12
DA:82,12
DA:87,102
DA:88,11
DA:92,20
DA:95,1
LF:33
LH:33
BRDA:4,0,0,2
BRDA:4,0,1,25
BRDA:4,1,0,27
BRDA:4,1,1,4
BRDA:9,2,0,2
BRDA:9,2,1,23
BRDA:9,3,0,25
BRDA:9,3,1,4
BRDA:14,4,0,3
BRDA:14,4,1,20
BRDA:14,5,0,23
BRDA:14,5,1,21
BRDA:69,6,0,79
BRDA:69,6,1,1862
BRDA:70,7,0,1941
BRDA:70,7,1,91
BRDA:76,8,0,12
BRDA:76,8,1,1850
BRDA:77,9,0,1862
BRDA:77,9,1,12
BRDA:87,10,0,11
BRDA:87,10,1,91
BRF:22
BRH:22
end_of_record
TN:
SF:src/calculator.js
FN:3,(anonymous_0)
FN:12,(anonymous_1)
FN:21,(anonymous_2)
FN:34,(anonymous_3)
FNF:4
FNH:4
FNDA:15,(anonymous_0)
FNDA:24,(anonymous_1)
FNDA:25,(anonymous_2)
FNDA:17,(anonymous_3)
DA:1,1
DA:5,15
DA:6,5
DA:9,10
DA:14,24
DA:15,5
DA:18,19
DA:23,25
DA:24,5
DA:27,20
DA:28,3
DA:31,17
DA:36,17
DA:37,5
DA:40,12
DA:44,1
LF:16
LH:16
BRDA:5,0,0,5
BRDA:5,0,1,10
BRDA:5,1,0,15
BRDA:5,1,1,12
BRDA:14,2,0,5
BRDA:14,2,1,19
BRDA:14,3,0,24
BRDA:14,3,1,21
BRDA:23,4,0,5
BRDA:23,4,1,20
BRDA:23,5,0,25
BRDA:23,5,1,22
BRDA:27,6,0,3
BRDA:27,6,1,17
BRDA:36,7,0,5
BRDA:36,7,1,12
BRDA:36,8,0,17
BRDA:36,8,1,14
BRF:18
BRH:18
end_of_record
TN:
SF:src/capitalize.js
FN:2,capitalize
FNF:1
FNH:1
FNDA:13,capitalize
DA:3,13
DA:6,1
LF:2
LH:2
BRF:0
BRH:0
end_of_record
TN:
SF:src/reverse-string.js
FN:2,reverseString
FNF:1
FNH:1
FNDA:9,reverseString
DA:3,9
DA:6,1
LF:2
LH:2
BRF:0
BRH:0
end_of_record
